task3 2023-08-04 19:24:10,061 Start pars with API
task3 2023-08-04 19:24:12,133 added: Райт Скан, Junior/Middle Python developer
task3 2023-08-04 19:24:13,636 added: 24Н Софт, Middle Python Developer
task3 2023-08-04 19:24:15,123 added: KVINT, Python Developer Middle (Backend), удаленно
task3 2023-08-04 19:24:16,587 added: ARK, Middle/Senior Python developer
task3 2023-08-04 19:24:18,003 added: AERODISK, Middle Python-разработчик
task3 2023-08-04 19:24:19,533 added: Колл-Тулз, Middle Python developer (офис)
task3 2023-08-04 19:24:20,977 added: Серяков Виктор Юрьевич, Middle Python Developer
task3 2023-08-04 19:24:22,466 added: InstallBiz, Разработчик Python Middle
task3 2023-08-04 19:24:24,049 added: B.ART, Middle python developer
task3 2023-08-04 19:24:25,477 added: Comexp, Python-разработчик / Middle Python Developer
task3 2023-08-04 19:24:26,976 added: ДЖУМ, Middle Python Developer
task3 2023-08-04 19:24:28,461 added: Селфсек, Middle Python developer
task3 2023-08-04 19:24:29,976 added: Аптрейд, Middle Python (django) разработчик
task3 2023-08-04 19:24:32,873 added: AVIATA.KZ, Middle Python Developer
task3 2023-08-04 19:24:34,395 added: Kokoc Group, Python developer (Middle)
task3 2023-08-04 19:24:35,872 added: SpectrumData, Middle Python Developer
task3 2023-08-04 19:24:37,285 added: РЕСТАДВАЙЗЕР, Разработчик backend Python, Middle
task3 2023-08-04 19:24:38,887 added: Леруа Мерлен, Python developer (middle/middle+)
task3 2023-08-04 19:24:40,500 added: Федеральное автономное учреждение Государственный Научно-Исследовательский Институт Авиационных Систем, Middle Python backend developer
task3 2023-08-04 19:24:41,936 added: LLC Evido ge, Python developer (middle)
task3 2023-08-04 19:24:43,379 added: АлгоБрейнз Сольюшнз, Middle Python Developer
task3 2023-08-04 19:24:44,905 added: УайтСнейк, Middle Python Developer
task3 2023-08-04 19:24:49,203 added: Digift, Python Backend Developer (middle/senior)
task3 2023-08-04 19:24:50,900 added: билайн, Middle Python разработчик
task3 2023-08-04 19:24:52,337 added: Хенкин Александр Маркович, Middle/Senior Python-разработчик (удаленно)
task3 2023-08-04 19:24:56,951 added: Лига Цифровой Экономики, Python разработчик (Middle)
task3 2023-08-04 19:24:58,405 added: Hi, Rockits!, Python developer (Middle)
task3 2023-08-04 19:25:01,454 added: AdRiver, Python developer (Middle, Senior)
task3 2023-08-04 19:25:02,920 added: Группа компаний С7, Middle Python Developer
task3 2023-08-04 19:25:06,099 added: СимбирСофт, Middle Python developer
task3 2023-08-04 19:25:07,623 added: The Skolkovo Institute of Science and Technology, Middle Python developer
task3 2023-08-04 19:25:09,129 added: FRESH AUTO, Middle Python Developer
task3 2023-08-04 19:25:10,640 added: РТСофт, Middle Python developer
task3 2023-08-04 19:25:12,130 added: Рабочие решения, Middle/Middle+ Python разработчик
task3 2023-08-04 19:25:13,644 added: Звук, Middle Python Developer
task3 2023-08-04 19:25:15,156 added: РТСофт, Middle Python developer
task3 2023-08-04 19:25:16,695 added: ТаймВэб, Middle Python Developer
task3 2023-08-04 19:25:21,435 added: LeverX International, Middle/Senior Python Developer
task3 2023-08-04 19:25:24,401 added: Samokat.tech, Middle/Senior python developer
task3 2023-08-04 19:25:25,971 added: Rambler&Co, Middle Python разработчик
task3 2023-08-04 19:25:28,437 added: ДЖАСТ ВОРК, Middle Python developer
task3 2023-08-04 19:25:29,902 added: Каспи Софтвер, Middle Python Developer
task3 2023-08-04 19:25:31,556 added: TEAM 73, Middle Python программист
task3 2023-08-04 19:25:34,715 added: LC Group, Middle Python developer
task3 2023-08-04 19:25:36,171 added: FIRECODE, Middle/Middle+ Python Developer
task3 2023-08-04 19:25:37,633 added: Holyweb, Middle / Middle+ Python Developer
task3 2023-08-04 19:25:39,341 added: AUXO (Атос АйТи Солюшенс энд Сервисез), Middle Python Developer
task3 2023-08-04 19:25:40,819 added: Oil and Gas Production Tools, Middle Python разработчик
task3 2023-08-04 19:25:43,851 added: Itransition, Middle Python Developer
task3 2023-08-04 19:25:45,352 added: WaveAccess, Middle Python (AWS) developer
task3 2023-08-04 19:25:46,871 added: Itransition, Python Middle Developer
task3 2023-08-04 19:25:49,818 added: Itransition, Middle Python Developer
task3 2023-08-04 19:25:51,232 added: Tevian (ООО Технологии видеоанализа), Middle Backend разработчик (Python + Golang)
task3 2023-08-04 19:25:54,166 added: GRI, Senior/Middle Python Developer
task3 2023-08-04 19:25:55,647 added: СмартРейс, Middle Python Developer
task3 2023-08-04 19:25:57,199 added: РА Дельта, Middle разработчик Python / Django
task3 2023-08-04 19:25:58,735 added: Eqwile, Middle/Senior Python разработчик (Django)
task3 2023-08-04 19:26:06,363 added: Ростелеком - Центры обработки данных, Backend developer Python (middle/senior)
task3 2023-08-04 19:26:07,961 added: ФК ПУЛЬС, Backend Python Developer (Python/Django) Middle + / Разработчик
task3 2023-08-04 19:26:09,486 added: Моринтех, Разработчик (backend Python) middle/senior
task3 2023-08-04 19:26:11,022 added: МТС, Middle Python разработчик [DataCrawler]
task3 2023-08-04 19:26:12,492 added: DNS Технологии, Middle Fullstack Python разработчик
task3 2023-08-04 19:26:16,969 added: Онлайн-школа Тетрика, Backend-Developer Python (middle)
task3 2023-08-04 19:26:21,125 added: Объединение когнитивных ассоциативных систем, Middle Backend Developer (Python)
task3 2023-08-04 19:26:24,173 added: Совкомбанк Технологии, Python-разработчик Middle (Совкомбанк Технологии)
task3 2023-08-04 19:26:25,667 added: Администрация города Вологды, Разработчик Python (Junior/Middle)
task3 2023-08-04 19:26:27,257 added: Kept (Кэпт), Middle Python Developer, Группа цифровых технологий (Digital)
task3 2023-08-04 19:26:28,709 added: Промэкспертиза, Python Developer (middle)
task3 2023-08-04 19:26:30,346 added: ДевТрикс, Python-разработчик (Middle/Middle+)
task3 2023-08-04 19:26:32,071 added: ГЛОРИЯ ДЖИНС, Middle Fullstack Developer (Vue + Python)
task3 2023-08-04 19:26:33,540 added: Neuro.net, Backend (Python) разработчик middle +
task3 2023-08-04 19:26:35,017 added: Bank RBK, АО, Middle/Senior Python Developer
task3 2023-08-04 19:26:36,738 added: Группа НЛМК, Python Developer (middle/Senior)
task3 2023-08-04 19:26:38,360 added: ЦРПТ (Центр развития перспективных технологий), Инженер-разработчик Python (middle)
task3 2023-08-04 19:26:41,500 added: Фитбейс, Разработчик (Python, Middle)
task3 2023-08-04 19:26:42,937 added: Перспективный стартап, Junior/Middle Backend Developer (Python)
task3 2023-08-04 19:26:44,412 added: BitComSolution, Middle Python/Django разработчик
task3 2023-08-04 19:29:25,546 added: Napoleon IT, Python developer (middle)
task3 2023-08-04 19:29:27,078 added: Rambler&Co, Инженер-разработчик Python (Middle)
task3 2023-08-04 19:29:28,529 added: hotellab.io, Backend Middle Developer / Python разработчик
task3 2023-08-04 19:29:31,477 added: JetLend, Python Backend Developer (Middle/Remote)
task3 2023-08-04 19:29:32,971 added: Риалвеб, Интернет-агентство, Программист Python Middle / Senior
task3 2023-08-04 19:29:36,045 added: Cloud.ru, Middle/Senior Python Developer (Platform Virtualization)
task3 2023-08-04 19:29:37,496 added: Ельмеев Данил Георгиевич, Python Middle / Senior разработчик
task3 2023-08-04 19:29:42,273 added: ТАТИТНЕФТЬ, Python-разработчик (middle / senior)
task3 2023-08-04 19:29:43,875 added: X5 Tech, Python разработчик (Middle / Senior)
task3 2023-08-04 19:29:45,367 added: МедРокет, Middle Python разработчик (Django)
task3 2023-08-04 19:29:48,538 added: Иннотех, Группа компаний, Middle Python BE разработчик (Облачные сервисы)
task3 2023-08-04 19:29:51,626 added: Гравити Групп, Full stack Программист Python (middle)
task3 2023-08-04 19:29:53,123 added: HEADS and HANDS, Python developer (middle/middle+)
task3 2023-08-04 19:29:54,685 added: Сайтсофт, Программист Middle Python/Go (в ОФИС)
task3 2023-08-04 19:30:02,096 added: GRI, Middle Python Developer (Remote)
task3 2023-08-04 19:30:03,677 added: Mindbox, C#/Python developer junior / middle
task3 2023-08-04 19:30:05,195 added: Мозен, Middle/Senior Python Developer
task3 2023-08-04 19:30:06,697 added: Апэрбот, Программист Python/Data Scientist (junior / middle)
task3 2023-08-04 19:30:08,319 added: НПФ Будущее, Python developer(middle)
task3 2023-08-04 19:30:09,819 added: Инновационный центр КАМАЗ, Backend разработчик Middle +, Senior (Python)
task3 2023-08-04 19:30:11,310 added: SberTech, Middle/Senior python developer (SberDDI)
task3 2023-08-04 19:30:14,939 added: Международная медиагруппа Россия сегодня (МИА Россия сегодня), Middle Python разработчик
task3 2023-08-04 19:30:16,557 added: DIGITAL FUTURE SYSTEMS, Middle Python Developer (Flask)
task3 2023-08-04 19:30:18,028 added: МедиаСофт, Middle / Senior Python/Go developer
task3 2023-08-04 19:30:19,487 added: Компания Орбита, Python Developer (Middle-Senior)
task3 2023-08-04 19:30:21,072 added: БАРС Груп, Python разработчик (Middle)
task3 2023-08-04 19:30:25,688 added: СВЯЗЬ GROUP, Python Middle разработчик
task3 2023-08-04 19:30:27,147 added: KODE, Middle/Senior Python Developer
task3 2023-08-04 19:30:30,123 added: Интермобилити, Middle Python разработчик
task3 2023-08-04 19:30:31,885 added: Моринформсистема-Агат, Концерн, Middle Python-разработчик (Инженер-программист 2 категории)
task3 2023-08-04 19:30:33,516 added: QIWI UZBEKISTAN, Strong Middle Python developer
task3 2023-08-04 19:30:36,817 added: ИТС, Python-разработчик (Pre Middle / Middle)
task3 2023-08-04 19:30:38,349 added: Global Ports Management, Middle developer Python
task3 2023-08-04 19:30:39,998 added: ФГБУ ЦСП ФМБА России, Middle Backend Developer (Python, PostgreSQL, Django), отдел ИРО
task3 2023-08-04 19:30:41,755 added: Гринатом, Middle/Senior Backend Developer (Python) в команду Атом Око
task3 2023-08-04 19:30:43,300 added: Литрес, Middle backend developer (Python) / Python разработчик (удаленно / гибрид)
task3 2023-08-04 19:30:44,821 added: МТС, Middle/Senior Python Developer (Django)
task3 2023-08-04 19:30:46,365 added: Неофлекс, Middle MLOps Engineer (Python Developer)
task3 2023-08-04 19:30:51,057 Количество найденных вакансий: 115
task3 2023-08-04 19:30:51,058 End pars with API
task3 2023-08-04 19:30:51,059 Time: 0:06:40
